1498061832136	geckodriver	INFO	Listening on 127.0.0.1:59670
1498061833467	geckodriver::marionette	INFO	Starting browser /Applications/Firefox.app/Contents/MacOS/firefox-bin with args ["-marionette"]
1498061838474	Marionette	INFO	Listening on port 59680
1498061838607	Marionette	WARN	TLS certificate errors will be ignored for this session
1498061838884	Marionette	DEBUG	loaded listener.js
1498061838919	Marionette	DEBUG	Received DOM event "beforeunload" for "about:blank"
2017-06-21 12:17:18.996 plugin-container[5928:897522] *** CFMessagePort: bootstrap_register(): failed 1100 (0x44c) 'Permission denied', port = 0x9637, name = 'com.apple.tsm.portname'
See /usr/include/servers/bootstrap_defs.h for the error codes.
2017-06-21 12:17:19.000 plugin-container[5928:897522] *** CFMessagePort: bootstrap_register(): failed 1100 (0x44c) 'Permission denied', port = 0x9903, name = 'com.apple.CFPasteboardClient'
See /usr/include/servers/bootstrap_defs.h for the error codes.
1498061839264	Marionette	DEBUG	Received DOM event "pagehide" for "about:blank"
1498061839264	Marionette	DEBUG	Received DOM event "unload" for "about:blank"
1498061839581	Marionette	DEBUG	Received DOM event "DOMContentLoaded" for "http://www.seleniumhq.org/"
1498061839885	Marionette	DEBUG	Received DOM event "pageshow" for "http://www.seleniumhq.org/"
1498061927901	Marionette	DEBUG	loaded listener.js
*************************
A coding exception was thrown and uncaught in a Task.

Full message: TypeError: NetworkError when attempting to fetch resource.
Full stack: 
*************************
2017-06-21 13:09:25.570 plugin-container[7243:952413] *** CFMessagePort: bootstrap_register(): failed 1100 (0x44c) 'Permission denied', port = 0x963b, name = 'com.apple.tsm.portname'
See /usr/include/servers/bootstrap_defs.h for the error codes.
2017-06-21 13:09:25.580 plugin-container[7243:952413] *** CFMessagePort: bootstrap_register(): failed 1100 (0x44c) 'Permission denied', port = 0x9903, name = 'com.apple.CFPasteboardClient'
See /usr/include/servers/bootstrap_defs.h for the error codes.
