1500655248387	geckodriver	INFO	Listening on 127.0.0.1:55290
1500655249646	geckodriver::marionette	INFO	Starting browser /Applications/Firefox.app/Contents/MacOS/firefox-bin with args ["-marionette"]
1500655252250	Marionette	INFO	Listening on port 55303
1500655252327	Marionette	WARN	TLS certificate errors will be ignored for this session
1500655252594	Marionette	DEBUG	loaded listener.js
1500655252629	Marionette	DEBUG	Received DOM event "beforeunload" for "about:blank"
2017-07-21 12:40:52.682 plugin-container[53646:29100593] *** CFMessagePort: bootstrap_register(): failed 1100 (0x44c) 'Permission denied', port = 0x973b, name = 'com.apple.tsm.portname'
See /usr/include/servers/bootstrap_defs.h for the error codes.
2017-07-21 12:40:52.687 plugin-container[53646:29100593] *** CFMessagePort: bootstrap_register(): failed 1100 (0x44c) 'Permission denied', port = 0x9b03, name = 'com.apple.CFPasteboardClient'
See /usr/include/servers/bootstrap_defs.h for the error codes.
1500655252789	Marionette	DEBUG	Received DOM event "pagehide" for "about:blank"
1500655252789	Marionette	DEBUG	Received DOM event "unload" for "about:blank"
1500655254018	Marionette	DEBUG	Received DOM event "DOMContentLoaded" for "https://osf.io/"
1500655254774	Marionette	DEBUG	Received DOM event "DOMContentLoaded" for "https://www.google.com/recaptcha/api2/anchor?k=6Ld2hikTAAAAAAhExltkBtTplSAJCSwAjpvMnOhc&co=aHR0cHM6Ly9vc2YuaW86NDQz&hl=en&v=r20170717162708&size=normal&cb=5s3nuj2kf5r"
1500655254972	Marionette	DEBUG	Received observer notification "outer-window-destroyed" for "2147483656"
1500655254992	Marionette	DEBUG	Received DOM event "pageshow" for "https://www.google.com/recaptcha/api2/anchor?k=6Ld2hikTAAAAAAhExltkBtTplSAJCSwAjpvMnOhc&co=aHR0cHM6Ly9vc2YuaW86NDQz&hl=en&v=r20170717162708&size=normal&cb=5s3nuj2kf5r"
1500655255205	Marionette	DEBUG	Received DOM event "DOMContentLoaded" for "https://www.google.com/recaptcha/api2/bframe?hl=en&v=r20170717162708&k=6Ld2hikTAAAAAAhExltkBtTplSAJCSwAjpvMnOhc#f4y6o7f7ne2q"
1500655255207	Marionette	DEBUG	Received DOM event "pageshow" for "https://www.google.com/recaptcha/api2/bframe?hl=en&v=r20170717162708&k=6Ld2hikTAAAAAAhExltkBtTplSAJCSwAjpvMnOhc#f4y6o7f7ne2q"
1500655255220	Marionette	DEBUG	Received DOM event "pageshow" for "https://osf.io/"
1500655258405	Marionette	DEBUG	Received DOM event "beforeunload" for "https://osf.io/"
1500655258662	Marionette	DEBUG	Received DOM event "beforeunload" for "https://osf.io/"
1500655258760	Marionette	DEBUG	Received DOM event "pagehide" for "https://osf.io/"
1500655258760	Marionette	DEBUG	Received DOM event "unload" for "https://osf.io/"
1500655258771	Marionette	DEBUG	Received observer notification "outer-window-destroyed" for "2147483653"
1500655258773	Marionette	DEBUG	Received observer notification "outer-window-destroyed" for "2147483655"
1500655258776	Marionette	DEBUG	Received observer notification "outer-window-destroyed" for "2147483649"
